<?xml version="1.0" encoding="UTF-8"?>
<!-- Generated by org.testng.reporters.JUnitXMLReporter -->
<testsuite ignored="0" hostname="LAPTOP-CUFQDMPR" failures="0" tests="3" name="Default test" time="22.914" errors="0" timestamp="09 May 2023 07:11:59 GMT">
  <testcase classname="test_Assign.Drag_Drop" name="TestDragDrop" time="1.051"/>
  <testcase classname="test_Assign.Drag_Drop" name="CheckPage" time="0.749"/>
  <testcase classname="test_Assign.Drag_Drop" name="DragAndDrop" time="1.533"/>
</testsuite> <!-- Default test -->
