<?xml version="1.0" encoding="UTF-8"?>
<testng-results ignored="0" total="3" passed="3" failed="0" skipped="0">
  <reporter-output>
  </reporter-output>
  <suite started-at="2023-05-09T07:11:36Z" name="Default suite" finished-at="2023-05-09T07:11:59Z" duration-ms="22914">
    <groups>
    </groups>
    <test started-at="2023-05-09T07:11:36Z" name="Default test" finished-at="2023-05-09T07:11:59Z" duration-ms="22914">
      <class name="test_Assign.Drag_Drop">
        <test-method is-config="true" signature="setup()[pri:0, instance:test_Assign.Drag_Drop@74d1dc36]" started-at="2023-05-09T12:41:36Z" name="setup" finished-at="2023-05-09T12:41:53Z" duration-ms="17327" status="PASS">
          <reporter-output>
          </reporter-output>
        </test-method> <!-- setup -->
        <test-method signature="TestDragDrop()[pri:1, instance:test_Assign.Drag_Drop@74d1dc36]" started-at="2023-05-09T12:41:53Z" name="TestDragDrop" finished-at="2023-05-09T12:41:54Z" duration-ms="1051" status="PASS">
          <reporter-output>
          </reporter-output>
        </test-method> <!-- TestDragDrop -->
        <test-method signature="CheckPage()[pri:2, instance:test_Assign.Drag_Drop@74d1dc36]" started-at="2023-05-09T12:41:54Z" name="CheckPage" finished-at="2023-05-09T12:41:55Z" duration-ms="749" status="PASS">
          <reporter-output>
          </reporter-output>
        </test-method> <!-- CheckPage -->
        <test-method signature="DragAndDrop()[pri:3, instance:test_Assign.Drag_Drop@74d1dc36]" started-at="2023-05-09T12:41:55Z" name="DragAndDrop" finished-at="2023-05-09T12:41:57Z" duration-ms="1533" status="PASS">
          <reporter-output>
          </reporter-output>
        </test-method> <!-- DragAndDrop -->
        <test-method is-config="true" signature="tearDown()[pri:0, instance:test_Assign.Drag_Drop@74d1dc36]" started-at="2023-05-09T12:41:57Z" name="tearDown" finished-at="2023-05-09T12:41:59Z" duration-ms="2016" status="PASS">
          <reporter-output>
          </reporter-output>
        </test-method> <!-- tearDown -->
      </class> <!-- test_Assign.Drag_Drop -->
    </test> <!-- Default test -->
  </suite> <!-- Default suite -->
</testng-results>
